# JRE version: OpenJDK Runtime Environment (21.0.10) (build 21.0.10+-14961533-b1163.108)
# Java VM: OpenJDK 64-Bit Server VM (21.0.10+-14961533-b1163.108, mixed mode, tiered, compressed oops, compressed class ptrs, g1 gc, windows-amd64)
GC Precious Log:
 CardTable entry size: 512
 Card Set container configuration: InlinePtr #cards 5 size 8 Array Of Cards #cards 12 size 40 Howl #buckets 4 coarsen threshold 1843 Howl Bitmap #cards 512 size 80 coarsen threshold 460 Card regions per heap region 1 cards per card region 2048
 CPUs: 4 total, 4 available
 Memory: 12043M
 Large Page Support: Disabled
 NUMA Support: Disabled
 Compressed Oops: Enabled (32-bit)
 Heap Region Size: 1M
 Heap Min Capacity: 8M
 Heap Initial Capacity: 190M
 Heap Max Capacity: 2G
 Pre-touch: Disabled
 Parallel Workers: 4
 Concurrent Workers: 1
 Concurrent Refinement Workers: 4
 Periodic GC: Disabled
Heap:
 garbage-first heap   total 409600K, used 240691K [0x0000000080000000, 0x0000000100000000)
  region size 1024K, 7 young (7168K), 6 survivors (6144K)
 Metaspace       used 190173K, committed 193088K, reserved 1245184K
  class space    used 25571K, committed 27008K, reserved 1048576K
GC Heap History (20 events):
Event: 802.624 GC heap before
{Heap before GC invocations=73 (full 0):
 garbage-first heap   total 365568K, used 318464K [0x0000000080000000, 0x0000000100000000)
  region size 1024K, 114 young (116736K), 16 survivors (16384K)
 Metaspace       used 182604K, committed 185472K, reserved 1245184K
  class space    used 24574K, committed 25984K, reserved 1048576K
}
Event: 802.667 GC heap after
{Heap after GC invocations=74 (full 0):
 garbage-first heap   total 365568K, used 236544K [0x0000000080000000, 0x0000000100000000)
  region size 1024K, 15 young (15360K), 15 survivors (15360K)
 Metaspace       used 182604K, committed 185472K, reserved 1245184K
  class space    used 24574K, committed 25984K, reserved 1048576K
}
Event: 804.575 GC heap before
{Heap before GC invocations=74 (full 0):
 garbage-first heap   total 365568K, used 332800K [0x0000000080000000, 0x0000000100000000)
  region size 1024K, 110 young (112640K), 15 survivors (15360K)
 Metaspace       used 187542K, committed 190464K, reserved 1245184K
  class space    used 25340K, committed 26752K, reserved 1048576K
}
Event: 804.615 GC heap after
{Heap after GC invocations=75 (full 0):
 garbage-first heap   total 365568K, used 244224K [0x0000000080000000, 0x0000000100000000)
  region size 1024K, 10 young (10240K), 10 survivors (10240K)
 Metaspace       used 187542K, committed 190464K, reserved 1245184K
  class space    used 25340K, committed 26752K, reserved 1048576K
}
Event: 807.331 GC heap before
{Heap before GC invocations=75 (full 0):
 garbage-first heap   total 365568K, used 336384K [0x0000000080000000, 0x0000000100000000)
  region size 1024K, 100 young (102400K), 10 survivors (10240K)
 Metaspace       used 189375K, committed 192256K, reserved 1245184K
  class space    used 25500K, committed 26944K, reserved 1048576K
}
Event: 807.348 GC heap after
{Heap after GC invocations=76 (full 0):
 garbage-first heap   total 365568K, used 245760K [0x0000000080000000, 0x0000000100000000)
  region size 1024K, 2 young (2048K), 2 survivors (2048K)
 Metaspace       used 189375K, committed 192256K, reserved 1245184K
  class space    used 25500K, committed 26944K, reserved 1048576K
}
Event: 809.260 GC heap before
{Heap before GC invocations=77 (full 0):
 garbage-first heap   total 409600K, used 340992K [0x0000000080000000, 0x0000000100000000)
  region size 1024K, 95 young (97280K), 2 survivors (2048K)
 Metaspace       used 189697K, committed 192640K, reserved 1245184K
  class space    used 25527K, committed 26944K, reserved 1048576K
}
Event: 809.265 GC heap after
{Heap after GC invocations=78 (full 0):
 garbage-first heap   total 409600K, used 245388K [0x0000000080000000, 0x0000000100000000)
  region size 1024K, 2 young (2048K), 2 survivors (2048K)
 Metaspace       used 189697K, committed 192640K, reserved 1245184K
  class space    used 25527K, committed 26944K, reserved 1048576K
}
Event: 810.649 GC heap before
{Heap before GC invocations=78 (full 0):
 garbage-first heap   total 409600K, used 380556K [0x0000000080000000, 0x0000000100000000)
  region size 1024K, 134 young (137216K), 2 survivors (2048K)
 Metaspace       used 189885K, committed 192768K, reserved 1245184K
  class space    used 25550K, committed 26944K, reserved 1048576K
}
Event: 810.658 GC heap after
{Heap after GC invocations=79 (full 0):
 garbage-first heap   total 409600K, used 243322K [0x0000000080000000, 0x0000000100000000)
  region size 1024K, 2 young (2048K), 2 survivors (2048K)
 Metaspace       used 189885K, committed 192768K, reserved 1245184K
  class space    used 25550K, committed 26944K, reserved 1048576K
}
Event: 811.733 GC heap before
{Heap before GC invocations=79 (full 0):
 garbage-first heap   total 409600K, used 385658K [0x0000000080000000, 0x0000000100000000)
  region size 1024K, 141 young (144384K), 2 survivors (2048K)
 Metaspace       used 189934K, committed 192896K, reserved 1245184K
  class space    used 25557K, committed 27008K, reserved 1048576K
}
Event: 811.739 GC heap after
{Heap after GC invocations=80 (full 0):
 garbage-first heap   total 409600K, used 243933K [0x0000000080000000, 0x0000000100000000)
  region size 1024K, 3 young (3072K), 3 survivors (3072K)
 Metaspace       used 189934K, committed 192896K, reserved 1245184K
  class space    used 25557K, committed 27008K, reserved 1048576K
}
Event: 813.485 GC heap before
{Heap before GC invocations=81 (full 0):
 garbage-first heap   total 409600K, used 388317K [0x0000000080000000, 0x0000000100000000)
  region size 1024K, 144 young (147456K), 3 survivors (3072K)
 Metaspace       used 189966K, committed 192896K, reserved 1245184K
  class space    used 25559K, committed 27008K, reserved 1048576K
}
Event: 813.493 GC heap after
{Heap after GC invocations=82 (full 0):
 garbage-first heap   total 409600K, used 244637K [0x0000000080000000, 0x0000000100000000)
  region size 1024K, 3 young (3072K), 3 survivors (3072K)
 Metaspace       used 189966K, committed 192896K, reserved 1245184K
  class space    used 25559K, committed 27008K, reserved 1048576K
}
Event: 814.925 GC heap before
{Heap before GC invocations=82 (full 0):
 garbage-first heap   total 409600K, used 389021K [0x0000000080000000, 0x0000000100000000)
  region size 1024K, 144 young (147456K), 3 survivors (3072K)
 Metaspace       used 190052K, committed 192960K, reserved 1245184K
  class space    used 25565K, committed 27008K, reserved 1048576K
}
Event: 814.940 GC heap after
{Heap after GC invocations=83 (full 0):
 garbage-first heap   total 409600K, used 241881K [0x0000000080000000, 0x0000000100000000)
  region size 1024K, 4 young (4096K), 4 survivors (4096K)
 Metaspace       used 190052K, committed 192960K, reserved 1245184K
  class space    used 25565K, committed 27008K, reserved 1048576K
}
Event: 816.004 GC heap before
{Heap before GC invocations=83 (full 0):
 garbage-first heap   total 409600K, used 388313K [0x0000000080000000, 0x0000000100000000)
  region size 1024K, 147 young (150528K), 4 survivors (4096K)
 Metaspace       used 190082K, committed 193024K, reserved 1245184K
  class space    used 25568K, committed 27008K, reserved 1048576K
}
Event: 816.013 GC heap after
{Heap after GC invocations=84 (full 0):
 garbage-first heap   total 409600K, used 242239K [0x0000000080000000, 0x0000000100000000)
  region size 1024K, 4 young (4096K), 4 survivors (4096K)
 Metaspace       used 190082K, committed 193024K, reserved 1245184K
  class space    used 25568K, committed 27008K, reserved 1048576K
}
Event: 818.722 GC heap before
{Heap before GC invocations=85 (full 0):
 garbage-first heap   total 409600K, used 388671K [0x0000000080000000, 0x0000000100000000)
  region size 1024K, 147 young (150528K), 4 survivors (4096K)
 Metaspace       used 190107K, committed 193024K, reserved 1245184K
  class space    used 25569K, committed 27008K, reserved 1048576K
}
Event: 818.734 GC heap after
{Heap after GC invocations=86 (full 0):
 garbage-first heap   total 409600K, used 242960K [0x0000000080000000, 0x0000000100000000)
  region size 1024K, 5 young (5120K), 5 survivors (5120K)
 Metaspace       used 190107K, committed 193024K, reserved 1245184K
  class space    used 25569K, committed 27008K, reserved 1048576K
}

