# JRE version: OpenJDK Runtime Environment (21.0.10) (build 21.0.10+-14961533-b1163.108)
# Java VM: OpenJDK 64-Bit Server VM (21.0.10+-14961533-b1163.108, mixed mode, tiered, compressed oops, compressed class ptrs, g1 gc, windows-amd64)
GC Precious Log:
 CardTable entry size: 512
 Card Set container configuration: InlinePtr #cards 5 size 8 Array Of Cards #cards 12 size 40 Howl #buckets 4 coarsen threshold 1843 Howl Bitmap #cards 512 size 80 coarsen threshold 460 Card regions per heap region 1 cards per card region 2048
 CPUs: 4 total, 4 available
 Memory: 12043M
 Large Page Support: Disabled
 NUMA Support: Disabled
 Compressed Oops: Enabled (32-bit)
 Heap Region Size: 1M
 Heap Min Capacity: 8M
 Heap Initial Capacity: 190M
 Heap Max Capacity: 2G
 Pre-touch: Disabled
 Parallel Workers: 4
 Concurrent Workers: 1
 Concurrent Refinement Workers: 4
 Periodic GC: Disabled
Heap:
 garbage-first heap   total 424960K, used 293888K [0x0000000080000000, 0x0000000100000000)
  region size 1024K, 15 young (15360K), 15 survivors (15360K)
 Metaspace       used 168528K, committed 171200K, reserved 1245184K
  class space    used 22738K, committed 24000K, reserved 1048576K
GC Heap History (20 events):
Event: 380.818 GC heap after
{Heap after GC invocations=67 (full 0):
 garbage-first heap   total 307200K, used 191179K [0x0000000080000000, 0x0000000100000000)
  region size 1024K, 6 young (6144K), 6 survivors (6144K)
 Metaspace       used 154131K, committed 156736K, reserved 1245184K
  class space    used 20783K, committed 22080K, reserved 1048576K
}
Event: 381.426 GC heap before
{Heap before GC invocations=67 (full 0):
 garbage-first heap   total 307200K, used 283339K [0x0000000080000000, 0x0000000100000000)
  region size 1024K, 97 young (99328K), 6 survivors (6144K)
 Metaspace       used 155344K, committed 157952K, reserved 1245184K
  class space    used 20942K, committed 22208K, reserved 1048576K
}
Event: 381.439 GC heap after
{Heap after GC invocations=68 (full 0):
 garbage-first heap   total 307200K, used 189670K [0x0000000080000000, 0x0000000100000000)
  region size 1024K, 7 young (7168K), 7 survivors (7168K)
 Metaspace       used 155344K, committed 157952K, reserved 1245184K
  class space    used 20942K, committed 22208K, reserved 1048576K
}
Event: 381.781 GC heap before
{Heap before GC invocations=68 (full 0):
 garbage-first heap   total 307200K, used 286950K [0x0000000080000000, 0x0000000100000000)
  region size 1024K, 102 young (104448K), 7 survivors (7168K)
 Metaspace       used 155684K, committed 158336K, reserved 1245184K
  class space    used 20990K, committed 22272K, reserved 1048576K
}
Event: 381.790 GC heap after
{Heap after GC invocations=69 (full 0):
 garbage-first heap   total 307200K, used 190528K [0x0000000080000000, 0x0000000100000000)
  region size 1024K, 8 young (8192K), 8 survivors (8192K)
 Metaspace       used 155684K, committed 158336K, reserved 1245184K
  class space    used 20990K, committed 22272K, reserved 1048576K
}
Event: 382.290 GC heap before
{Heap before GC invocations=70 (full 0):
 garbage-first heap   total 312320K, used 284736K [0x0000000080000000, 0x0000000100000000)
  region size 1024K, 105 young (107520K), 8 survivors (8192K)
 Metaspace       used 155934K, committed 158592K, reserved 1245184K
  class space    used 21030K, committed 22336K, reserved 1048576K
}
Event: 382.301 GC heap after
{Heap after GC invocations=71 (full 0):
 garbage-first heap   total 312320K, used 187281K [0x0000000080000000, 0x0000000100000000)
  region size 1024K, 9 young (9216K), 9 survivors (9216K)
 Metaspace       used 155934K, committed 158592K, reserved 1245184K
  class space    used 21030K, committed 22336K, reserved 1048576K
}
Event: 382.756 GC heap before
{Heap before GC invocations=71 (full 0):
 garbage-first heap   total 312320K, used 298897K [0x0000000080000000, 0x0000000100000000)
  region size 1024K, 114 young (116736K), 9 survivors (9216K)
 Metaspace       used 158189K, committed 160832K, reserved 1245184K
  class space    used 21195K, committed 22464K, reserved 1048576K
}
Event: 382.771 GC heap after
{Heap after GC invocations=72 (full 0):
 garbage-first heap   total 312320K, used 188299K [0x0000000080000000, 0x0000000100000000)
  region size 1024K, 5 young (5120K), 5 survivors (5120K)
 Metaspace       used 158189K, committed 160832K, reserved 1245184K
  class space    used 21195K, committed 22464K, reserved 1048576K
}
Event: 383.825 GC heap before
{Heap before GC invocations=72 (full 0):
 garbage-first heap   total 312320K, used 294795K [0x0000000080000000, 0x0000000100000000)
  region size 1024K, 110 young (112640K), 5 survivors (5120K)
 Metaspace       used 160714K, committed 163392K, reserved 1245184K
  class space    used 21529K, committed 22848K, reserved 1048576K
}
Event: 383.833 GC heap after
{Heap after GC invocations=73 (full 0):
 garbage-first heap   total 312320K, used 189275K [0x0000000080000000, 0x0000000100000000)
  region size 1024K, 6 young (6144K), 6 survivors (6144K)
 Metaspace       used 160714K, committed 163392K, reserved 1245184K
  class space    used 21529K, committed 22848K, reserved 1048576K
}
Event: 384.528 GC heap before
{Heap before GC invocations=74 (full 0):
 garbage-first heap   total 316416K, used 306011K [0x0000000080000000, 0x0000000100000000)
  region size 1024K, 110 young (112640K), 6 survivors (6144K)
 Metaspace       used 161144K, committed 163776K, reserved 1245184K
  class space    used 21581K, committed 22848K, reserved 1048576K
}
Event: 384.538 GC heap after
{Heap after GC invocations=75 (full 0):
 garbage-first heap   total 318464K, used 205695K [0x0000000080000000, 0x0000000100000000)
  region size 1024K, 11 young (11264K), 11 survivors (11264K)
 Metaspace       used 161144K, committed 163776K, reserved 1245184K
  class space    used 21581K, committed 22848K, reserved 1048576K
}
Event: 385.242 GC heap before
{Heap before GC invocations=75 (full 0):
 garbage-first heap   total 318464K, used 299903K [0x0000000080000000, 0x0000000100000000)
  region size 1024K, 104 young (106496K), 11 survivors (11264K)
 Metaspace       used 163422K, committed 166144K, reserved 1245184K
  class space    used 21917K, committed 23232K, reserved 1048576K
}
Event: 385.255 GC heap after
{Heap after GC invocations=76 (full 0):
 garbage-first heap   total 318464K, used 204738K [0x0000000080000000, 0x0000000100000000)
  region size 1024K, 8 young (8192K), 8 survivors (8192K)
 Metaspace       used 163422K, committed 166144K, reserved 1245184K
  class space    used 21917K, committed 23232K, reserved 1048576K
}
Event: 385.473 GC heap before
{Heap before GC invocations=76 (full 0):
 garbage-first heap   total 318464K, used 250818K [0x0000000080000000, 0x0000000100000000)
  region size 1024K, 55 young (56320K), 8 survivors (8192K)
 Metaspace       used 164532K, committed 167232K, reserved 1245184K
  class space    used 22067K, committed 23360K, reserved 1048576K
}
Event: 385.484 GC heap after
{Heap after GC invocations=77 (full 0):
 garbage-first heap   total 318464K, used 205125K [0x0000000080000000, 0x0000000100000000)
  region size 1024K, 8 young (8192K), 8 survivors (8192K)
 Metaspace       used 164532K, committed 167232K, reserved 1245184K
  class space    used 22067K, committed 23360K, reserved 1048576K
}
Event: 387.289 GC heap before
{Heap before GC invocations=78 (full 0):
 garbage-first heap   total 391168K, used 326981K [0x0000000080000000, 0x0000000100000000)
  region size 1024K, 98 young (100352K), 8 survivors (8192K)
 Metaspace       used 166151K, committed 168832K, reserved 1245184K
  class space    used 22282K, committed 23552K, reserved 1048576K
}
Event: 387.332 GC heap after
{Heap after GC invocations=79 (full 0):
 garbage-first heap   total 391168K, used 247087K [0x0000000080000000, 0x0000000100000000)
  region size 1024K, 13 young (13312K), 13 survivors (13312K)
 Metaspace       used 166151K, committed 168832K, reserved 1245184K
  class space    used 22282K, committed 23552K, reserved 1048576K
}
Event: 389.585 GC heap before
{Heap before GC invocations=79 (full 0):
 garbage-first heap   total 391168K, used 360751K [0x0000000080000000, 0x0000000100000000)
  region size 1024K, 116 young (118784K), 13 survivors (13312K)
 Metaspace       used 168528K, committed 171200K, reserved 1245184K
  class space    used 22738K, committed 24000K, reserved 1048576K
}

