# JRE version: OpenJDK Runtime Environment (21.0.10) (build 21.0.10+-14961533-b1163.108)
# Java VM: OpenJDK 64-Bit Server VM (21.0.10+-14961533-b1163.108, mixed mode, tiered, compressed oops, compressed class ptrs, g1 gc, windows-amd64)
GC Precious Log:
 CardTable entry size: 512
 Card Set container configuration: InlinePtr #cards 5 size 8 Array Of Cards #cards 12 size 40 Howl #buckets 4 coarsen threshold 1843 Howl Bitmap #cards 512 size 80 coarsen threshold 460 Card regions per heap region 1 cards per card region 2048
 CPUs: 4 total, 4 available
 Memory: 12043M
 Large Page Support: Disabled
 NUMA Support: Disabled
 Compressed Oops: Enabled (32-bit)
 Heap Region Size: 1M
 Heap Min Capacity: 8M
 Heap Initial Capacity: 190M
 Heap Max Capacity: 2G
 Pre-touch: Disabled
 Parallel Workers: 4
 Concurrent Workers: 1
 Concurrent Refinement Workers: 4
 Periodic GC: Disabled
Heap:
 garbage-first heap   total 357376K, used 209815K [0x0000000080000000, 0x0000000100000000)
  region size 1024K, 6 young (6144K), 6 survivors (6144K)
 Metaspace       used 155724K, committed 158272K, reserved 1245184K
  class space    used 21262K, committed 22528K, reserved 1048576K
GC Heap History (20 events):
Event: 183.543 GC heap after
{Heap after GC invocations=151 (full 0):
 garbage-first heap   total 304128K, used 160532K [0x0000000080000000, 0x0000000100000000)
  region size 1024K, 4 young (4096K), 4 survivors (4096K)
 Metaspace       used 155442K, committed 157952K, reserved 1245184K
  class space    used 21235K, committed 22464K, reserved 1048576K
}
Event: 184.426 GC heap before
{Heap before GC invocations=151 (full 0):
 garbage-first heap   total 304128K, used 286484K [0x0000000080000000, 0x0000000100000000)
  region size 1024K, 127 young (130048K), 4 survivors (4096K)
 Metaspace       used 155457K, committed 157952K, reserved 1245184K
  class space    used 21235K, committed 22464K, reserved 1048576K
}
Event: 184.435 GC heap after
{Heap after GC invocations=152 (full 0):
 garbage-first heap   total 304128K, used 158855K [0x0000000080000000, 0x0000000100000000)
  region size 1024K, 7 young (7168K), 7 survivors (7168K)
 Metaspace       used 155457K, committed 157952K, reserved 1245184K
  class space    used 21235K, committed 22464K, reserved 1048576K
}
Event: 185.713 GC heap before
{Heap before GC invocations=152 (full 0):
 garbage-first heap   total 304128K, used 286855K [0x0000000080000000, 0x0000000100000000)
  region size 1024K, 132 young (135168K), 7 survivors (7168K)
 Metaspace       used 155510K, committed 158016K, reserved 1245184K
  class space    used 21235K, committed 22464K, reserved 1048576K
}
Event: 185.718 GC heap after
{Heap after GC invocations=153 (full 0):
 garbage-first heap   total 304128K, used 154591K [0x0000000080000000, 0x0000000100000000)
  region size 1024K, 3 young (3072K), 3 survivors (3072K)
 Metaspace       used 155510K, committed 158016K, reserved 1245184K
  class space    used 21235K, committed 22464K, reserved 1048576K
}
Event: 186.267 GC heap before
{Heap before GC invocations=154 (full 0):
 garbage-first heap   total 304128K, used 286687K [0x0000000080000000, 0x0000000100000000)
  region size 1024K, 132 young (135168K), 3 survivors (3072K)
 Metaspace       used 155531K, committed 158016K, reserved 1245184K
  class space    used 21235K, committed 22464K, reserved 1048576K
}
Event: 186.273 GC heap after
{Heap after GC invocations=155 (full 0):
 garbage-first heap   total 304128K, used 155047K [0x0000000080000000, 0x0000000100000000)
  region size 1024K, 3 young (3072K), 3 survivors (3072K)
 Metaspace       used 155531K, committed 158016K, reserved 1245184K
  class space    used 21235K, committed 22464K, reserved 1048576K
}
Event: 187.465 GC heap before
{Heap before GC invocations=155 (full 0):
 garbage-first heap   total 304128K, used 288167K [0x0000000080000000, 0x0000000100000000)
  region size 1024K, 132 young (135168K), 3 survivors (3072K)
 Metaspace       used 155655K, committed 158208K, reserved 1245184K
  class space    used 21260K, committed 22528K, reserved 1048576K
}
Event: 187.475 GC heap after
{Heap after GC invocations=156 (full 0):
 garbage-first heap   total 304128K, used 160981K [0x0000000080000000, 0x0000000100000000)
  region size 1024K, 12 young (12288K), 12 survivors (12288K)
 Metaspace       used 155655K, committed 158208K, reserved 1245184K
  class space    used 21260K, committed 22528K, reserved 1048576K
}
Event: 188.154 GC heap before
{Heap before GC invocations=156 (full 0):
 garbage-first heap   total 304128K, used 286933K [0x0000000080000000, 0x0000000100000000)
  region size 1024K, 135 young (138240K), 12 survivors (12288K)
 Metaspace       used 155663K, committed 158208K, reserved 1245184K
  class space    used 21261K, committed 22528K, reserved 1048576K
}
Event: 188.195 GC heap after
{Heap after GC invocations=157 (full 0):
 garbage-first heap   total 323584K, used 185188K [0x0000000080000000, 0x0000000100000000)
  region size 1024K, 17 young (17408K), 17 survivors (17408K)
 Metaspace       used 155663K, committed 158208K, reserved 1245184K
  class space    used 21261K, committed 22528K, reserved 1048576K
}
Event: 188.893 GC heap before
{Heap before GC invocations=158 (full 0):
 garbage-first heap   total 323584K, used 288612K [0x0000000080000000, 0x0000000100000000)
  region size 1024K, 118 young (120832K), 17 survivors (17408K)
 Metaspace       used 155672K, committed 158208K, reserved 1245184K
  class space    used 21261K, committed 22528K, reserved 1048576K
}
Event: 188.939 GC heap after
{Heap after GC invocations=159 (full 0):
 garbage-first heap   total 324608K, used 203776K [0x0000000080000000, 0x0000000100000000)
  region size 1024K, 15 young (15360K), 15 survivors (15360K)
 Metaspace       used 155672K, committed 158208K, reserved 1245184K
  class space    used 21261K, committed 22528K, reserved 1048576K
}
Event: 189.194 GC heap before
{Heap before GC invocations=159 (full 0):
 garbage-first heap   total 324608K, used 289792K [0x0000000080000000, 0x0000000100000000)
  region size 1024K, 99 young (101376K), 15 survivors (15360K)
 Metaspace       used 155676K, committed 158208K, reserved 1245184K
  class space    used 21262K, committed 22528K, reserved 1048576K
}
Event: 189.229 GC heap after
{Heap after GC invocations=160 (full 0):
 garbage-first heap   total 324608K, used 211968K [0x0000000080000000, 0x0000000100000000)
  region size 1024K, 10 young (10240K), 10 survivors (10240K)
 Metaspace       used 155676K, committed 158208K, reserved 1245184K
  class space    used 21262K, committed 22528K, reserved 1048576K
}
Event: 189.728 GC heap before
{Heap before GC invocations=160 (full 0):
 garbage-first heap   total 324608K, used 291840K [0x0000000080000000, 0x0000000100000000)
  region size 1024K, 89 young (91136K), 10 survivors (10240K)
 Metaspace       used 155676K, committed 158208K, reserved 1245184K
  class space    used 21262K, committed 22528K, reserved 1048576K
}
Event: 189.744 GC heap after
{Heap after GC invocations=161 (full 0):
 garbage-first heap   total 324608K, used 216064K [0x0000000080000000, 0x0000000100000000)
  region size 1024K, 5 young (5120K), 5 survivors (5120K)
 Metaspace       used 155676K, committed 158208K, reserved 1245184K
  class space    used 21262K, committed 22528K, reserved 1048576K
}
Event: 190.572 GC heap before
{Heap before GC invocations=162 (full 0):
 garbage-first heap   total 357376K, used 292864K [0x0000000080000000, 0x0000000100000000)
  region size 1024K, 83 young (84992K), 5 survivors (5120K)
 Metaspace       used 155721K, committed 158272K, reserved 1245184K
  class space    used 21262K, committed 22528K, reserved 1048576K
}
Event: 190.581 GC heap after
{Heap after GC invocations=163 (full 0):
 garbage-first heap   total 357376K, used 213504K [0x0000000080000000, 0x0000000100000000)
  region size 1024K, 5 young (5120K), 5 survivors (5120K)
 Metaspace       used 155721K, committed 158272K, reserved 1245184K
  class space    used 21262K, committed 22528K, reserved 1048576K
}
Event: 191.176 GC heap before
{Heap before GC invocations=163 (full 0):
 garbage-first heap   total 357376K, used 324096K [0x0000000080000000, 0x0000000100000000)
  region size 1024K, 113 young (115712K), 5 survivors (5120K)
 Metaspace       used 155724K, committed 158272K, reserved 1245184K
  class space    used 21262K, committed 22528K, reserved 1048576K
}

